
 /----------------------------------------------------------------------------\
 |  yosys -- Yosys Open SYnthesis Suite                                       |
 |  Copyright (C) 2012 - 2025  Claire Xenia Wolf <claire@yosyshq.com>         |
 |  Distributed under an ISC-like license, type "license" to see terms        |
 \----------------------------------------------------------------------------/
 Yosys 0.58+86 (git sha1 8bc63ef6d, aarch64-apple-darwin23.5-clang++ 18.1.8 -fPIC -O3)

-- Executing script file `design_prep.ys' --

1. Executing RTLIL frontend.
Input filename: design.il

2. Executing SCC pass (detecting logic loops).
Found 0 SCCs in module grammar_fsm.
Found 0 SCCs.

3. Executing SIMPLEMAP pass (map simple cells to gate primitives).

4. Executing MEMORY_NORDFF pass (extracting $dff cells from memories).

5. Executing ASYNC2SYNC pass.

6. Executing OPT_CLEAN pass (remove unused cells and wires).
Finding unused cells or wires in module \grammar_fsm..
Removed 38 unused cells and 38 unused wires.
<suppressed ~39 debug messages>

7. Executing FORMALFF pass.

8. Executing OPT_CLEAN pass (remove unused cells and wires).
Finding unused cells or wires in module \grammar_fsm..
Removed 17 unused cells and 17 unused wires.
<suppressed ~18 debug messages>

9. Executing CHECK pass (checking for obvious problems).
Checking module grammar_fsm...
Found and reported 0 problems.

10. Executing SETUNDEF pass (replace undef values with defined constants).

11. Executing OPT pass (performing simple optimizations).

11.1. Executing OPT_EXPR pass (perform const folding).
Optimizing module grammar_fsm.
<suppressed ~3 debug messages>

11.2. Executing OPT_MERGE pass (detect identical cells).
Finding identical cells in module `\grammar_fsm'.
<suppressed ~3 debug messages>
Removed a total of 1 cells.

11.3. Executing OPT_DFF pass (perform DFF optimizations).

11.4. Executing OPT_CLEAN pass (remove unused cells and wires).
Finding unused cells or wires in module \grammar_fsm..
Removed 0 unused cells and 4 unused wires.
<suppressed ~1 debug messages>

11.5. Finished fast OPT passes.

12. Executing OPT_CLEAN pass (remove unused cells and wires).
Finding unused cells or wires in module \grammar_fsm..

13. Executing RTLIL backend.
Output filename: ../model/design_prep.il

End of script. Logfile hash: 5514c43cc0, CPU: user 0.01s system 0.01s, MEM: 15.20 MB peak
Yosys 0.58+86 (git sha1 8bc63ef6d, aarch64-apple-darwin23.5-clang++ 18.1.8 -fPIC -O3)
Time spent: 34% 4x opt_clean (0 sec), 12% 1x opt_expr (0 sec), ...
